[2025-06-30 16:21:56] [INFO] 发现有更新的应用，正在准备...
[2025-06-30 16:21:56] [INFO] 于2025/06/30 16:21完成更新处理，下一次将在24小时后检查更新。
[2025-06-30 16:22:56] [INFO] 发现有更新的应用，正在准备...
[2025-06-30 16:22:56] [INFO] 跳过用户指定更新: Microsoft.WindowsADK [10.1.26100.1 -> 10.1.26100.2454]
[2025-06-30 16:22:56] [INFO] 跳过用户指定更新: Microsoft.WindowsTerminal [1.22.11141.0 -> 1.22.11751.0]
[2025-06-30 16:22:56] [INFO] 于2025/06/30 16:22完成更新处理，下一次将在24小时后检查更新。
[2025-06-30 16:24:34] [INFO] 发现有更新的应用，正在准备...
[2025-06-30 16:24:34] [INFO] 于2025/06/30 16:24完成更新处理，下一次将在24小时后检查更新。
[2025-06-30 16:26:36] [INFO] 发现有更新的应用，正在准备...
[2025-06-30 16:26:36] [INFO] 于2025/06/30 16:26完成更新处理，下一次将在24小时后检查更新。
[2025-06-30 16:27:07] [INFO] 发现有更新的应用，正在准备...
[2025-06-30 16:27:07] [INFO] 跳过用户指定更新: Microsoft.WindowsADK [10.1.26100.1 -> 10.1.26100.2454]
[2025-06-30 16:27:07] [INFO] 跳过用户指定更新: Microsoft.WindowsTerminal [1.22.11141.0 -> 1.22.11751.0]
[2025-06-30 16:27:07] [INFO] 于2025/06/30 16:27完成更新处理，下一次将在24小时后检查更新。
[2025-06-30 17:01:43] [INFO] 发现有更新的应用，正在准备...
[2025-06-30 17:01:43] [INFO] 跳过用户指定更新: Microsoft.WindowsADK [10.1.26100.1 -> 10.1.26100.2454]
[2025-06-30 17:01:43] [INFO] 跳过用户指定更新: Microsoft.WindowsTerminal [1.22.11141.0 -> 1.22.11751.0]
[2025-06-30 17:01:43] [INFO] 于2025/06/30 17:01完成更新处理，下一次将在24小时后检查更新。
[2025-07-06 19:55:17] [ERROR] 请以管理员身份运行此脚本！
[2025-07-06 20:08:26] [INFO] 发现有更新的应用，正在准备...
[2025-07-06 20:08:26] [INFO] 执行更新: 7zip.7zip [24.09 -> 25.00]
[2025-07-06 20:09:44] [INFO] 更新成功: 7zip.7zip [25.00]
[2025-07-06 20:09:44] [INFO] 跳过用户指定更新: Python.Launcher [3.12.0 -> 3.13.5]
[2025-07-06 20:09:44] [INFO] 跳过用户指定更新: Microsoft.WindowsADK [10.1.26100.1 -> 10.1.26100.2454]
[2025-07-06 20:09:44] [INFO] 跳过用户指定更新: Microsoft.WindowsTerminal [1.22.11141.0 -> 1.22.11751.0]
[2025-07-06 20:09:44] [INFO] 于2025/07/06 20:09完成更新处理，下一次将在24小时后检查更新。
[2025-07-06 20:20:31] [INFO] 发现有更新的应用，正在准备...
[2025-07-06 20:20:31] [INFO] 跳过用户指定更新: Python.Launcher [3.12.0 -> 3.13.5]
[2025-07-06 20:20:31] [INFO] 跳过用户指定更新: Microsoft.WindowsADK [10.1.26100.1 -> 10.1.26100.2454]
[2025-07-06 20:20:31] [INFO] 跳过用户指定更新: Microsoft.WindowsTerminal [1.22.11141.0 -> 1.22.11751.0]
[2025-07-06 20:20:31] [INFO] 于2025/07/06 20:20完成更新处理，下一次将在24小时后检查更新。
[2025-07-06 20:21:38] [INFO] 发现有更新的应用，正在准备...
[2025-07-06 20:21:38] [ERROR] 错误信息: 'NoneType' object has no attribute 'append'
[2025-07-06 20:21:38] [ERROR] Traceback (most recent call last):
  File "C:\Users\xuzhh\Documents\Python Scripts\AutoUpgradeApp\upgrade.py", line 138, in check_and_update_apps
    col_pos.append(total_width)
AttributeError: 'NoneType' object has no attribute 'append'

[2025-07-06 20:25:00] [INFO] 发现有更新的应用，正在准备...
[2025-07-06 20:25:00] [INFO] 跳过用户指定更新: Python.Launcher [3.12.0 -> 3.13.5]
[2025-07-06 20:25:00] [INFO] 跳过用户指定更新: Microsoft.WindowsADK [10.1.26100.1 -> 10.1.26100.2454]
[2025-07-06 20:25:00] [INFO] 跳过用户指定更新: Microsoft.WindowsTerminal [1.22.11141.0 -> 1.22.11751.0]
[2025-07-06 20:25:00] [INFO] 于2025/07/06 20:25完成更新处理，下一次将在24小时后检查更新。
[2025-07-06 20:50:22] [INFO] 发现有更新的应用，正在准备...
[2025-07-06 20:50:22] [INFO] 跳过用户指定更新: Python.Launcher [3.12.0 -> 3.13.5]
[2025-07-06 20:50:22] [INFO] 跳过用户指定更新: Microsoft.WindowsADK [10.1.26100.1 -> 10.1.26100.2454]
[2025-07-06 20:50:22] [INFO] 跳过用户指定更新: Microsoft.WindowsTerminal [1.22.11141.0 -> 1.22.11751.0]
[2025-07-06 20:50:22] [INFO] 于2025/07/06 20:50完成更新处理，下一次将在24小时后检查更新。
[2025-07-06 20:56:50] [INFO] 发现有更新的应用，正在准备...
[2025-07-06 20:56:50] [INFO] 跳过用户指定更新: Python.Launcher [3.12.0 -> 3.13.5]
[2025-07-06 20:56:50] [INFO] 跳过用户指定更新: Microsoft.WindowsADK [10.1.26100.1 -> 10.1.26100.2454]
[2025-07-06 20:56:50] [INFO] 跳过用户指定更新: Microsoft.WindowsTerminal [1.22.11141.0 -> 1.22.11751.0]
[2025-07-06 20:56:50] [INFO] 于2025/07/06 20:56完成更新处理，下一次将在24小时后检查更新。
[2025-07-06 21:27:17] [INFO] 发现有更新的应用，正在准备...
[2025-07-06 21:27:17] [INFO] 跳过用户指定更新: Python.Launcher [3.12.0 -> 3.13.5]
[2025-07-06 21:27:17] [INFO] 跳过用户指定更新: Microsoft.WindowsADK [10.1.26100.1 -> 10.1.26100.2454]
[2025-07-06 21:27:17] [INFO] 跳过用户指定更新: Microsoft.WindowsTerminal [1.22.11141.0 -> 1.22.11751.0]
[2025-07-06 21:27:17] [INFO] 于2025/07/06 21:27完成更新处理，下一次将在24小时后检查更新。
